Script started on 2026-01-03 12:55:12-06:00 [TERM="tmux-256color" TTY="/dev/pts/2" COLUMNS="62" LINES="20"]
[1m[7m%[27m[1m[0m                                                              k..IICSA/Sistema\[0m[27m[24m[J
[1m[33myaeladmin[0m[33m[39m[1m [0m[1min [0m[1m[36mIngenieria-diseno-UPIICSA/Sistema[0m[36m[39m[1m [0m[1mat [0m[1m[32mdev-services[0m[32m[39m[1m [0m[1mvia [0m[1m[34mSistema[0m[34m[39m[1m [0m[1m[39mâ€¦[0m[39m[1m[37m
[0m[37m[39m[1m[32mâžœ [0m[32m[39m[K[59C[1A[1B[59D[?1h=[?2004hMMM[0m[27m[24m[J
[1m[33myaeladmin[0m[33m[39m[1m [0m[1min [0m[1m[36mIngenieria-diseno-UPIICSA/Sistema[0m[36m[39m[1m [0m[1mat [0m[1m[32mdev-services[0m[32m[39m[1m [0m[1mon [0m[1m[37m[1m[37m[35mî‚  main[0m[35m[39m[1m[31m [!?][0m[31m[39m[0m[39m[1m [0m[1mvia [0m[1m[34mSistema[0m[34m[39m[1m [0m[1m[39mâ€¦[0m[39m[1m[37m
[0m[37m[39m[1m[32mâžœ [0m[32m[39m[K[59C[1A[1B[59Dppython3 ./main.py[1m [0m[0m [?1l>[?2004l
kpython3\INFO:database:Pool de conexiones inicializado
INFO:database:Pool de conexiones inicializado
NiceGUI ready to go on http://localhost:8080, http://172.17.0.1:8080, http://172.18.0.1:8080, http://172.19.0.1:8080, http://172.20.0.1:8080, http://172.21.0.1:8080, http://172.22.0.1:8080, http://172.23.0.1:8080, http://172.24.0.1:8080, http://172.25.0.1:8080, http://172.26.0.1:8080, http://172.27.0.1:8080, http://172.30.0.1:8080, http://172.31.0.1:8080, http://192.168.0.1:8080, and http://25.12.11.40:8080
INFO:__mp_main__:Visitor IP: 25.12.10.22 (Headers: CF=None, XFF=None, Real=None, Client=25.12.10.22)
INFO:__mp_main__:Visitor IP: 25.12.10.22 (Headers: CF=None, XFF=None, Real=None, Client=25.12.10.22)
INFO:__mp_main__:Visitor IP: 25.12.10.22 (Headers: CF=None, XFF=None, Real=None, Client=25.12.10.22)
INFO:__mp_main__:Visitor IP: 25.12.10.22 (Headers: CF=None, XFF=None, Real=None, Client=25.12.10.22)
INFO:__mp_main__:Visitor IP: 25.12.10.22 (Headers: CF=None, XFF=None, Real=None, Client=25.12.10.22)
INFO:__mp_main__:Visitor IP: 25.12.10.22 (Headers: CF=None, XFF=None, Real=None, Client=25.12.10.22)
INFO:__mp_main__:Visitor IP: 25.12.10.22 (Headers: CF=None, XFF=None, Real=None, Client=25.12.10.22)
INFO:__mp_main__:Visitor IP: 25.12.10.22 (Headers: CF=None, XFF=None, Real=None, Client=25.12.10.22)
INFO:__mp_main__:Visitor IP: 25.12.10.22 (Headers: CF=None, XFF=None, Real=None, Client=25.12.10.22)
INFO:__mp_main__:Visitor IP: 25.12.10.22 (Headers: CF=None, XFF=None, Real=None, Client=25.12.10.22)
INFO:__mp_main__:Visitor IP: 25.12.10.22 (Headers: CF=None, XFF=None, Real=None, Client=25.12.10.22)
INFO:__mp_main__:Visitor IP: 25.12.10.22 (Headers: CF=None, XFF=None, Real=None, Client=25.12.10.22)
INFO:__mp_main__:Visitor IP: 25.12.10.22 (Headers: CF=None, XFF=None, Real=None, Client=25.12.10.22)
INFO:__mp_main__:Visitor IP: 25.12.10.22 (Headers: CF=None, XFF=None, Real=None, Client=25.12.10.22)
INFO:__mp_main__:Visitor IP: 25.12.10.22 (Headers: CF=None, XFF=None, Real=None, Client=25.12.10.22)
INFO:__mp_main__:Visitor IP: 25.12.10.22 (Headers: CF=None, XFF=None, Real=None, Client=25.12.10.22)
INFO:__mp_main__:Visitor IP: 25.12.10.22 (Headers: CF=None, XFF=None, Real=None, Client=25.12.10.22)
INFO:__mp_main__:Visitor IP: 25.12.10.22 (Headers: CF=None, XFF=None, Real=None, Client=25.12.10.22)
INFO:__mp_main__:Visitor IP: 25.12.10.22 (Headers: CF=None, XFF=None, Real=None, Client=25.12.10.22)
INFO:__mp_main__:Visitor IP: 25.12.10.22 (Headers: CF=None, XFF=None, Real=None, Client=25.12.10.22)
INFO:__mp_main__:Visitor IP: 25.12.10.22 (Headers: CF=None, XFF=None, Real=None, Client=25.12.10.22)
INFO:__mp_main__:Visitor IP: 25.12.10.22 (Headers: CF=None, XFF=None, Real=None, Client=25.12.10.22)
INFO:__mp_main__:Visitor IP: 25.12.10.22 (Headers: CF=None, XFF=None, Real=None, Client=25.12.10.22)
INFO:__mp_main__:Visitor IP: 25.12.10.22 (Headers: CF=None, XFF=None, Real=None, Client=25.12.10.22)
INFO:__mp_main__:Visitor IP: 25.12.10.22 (Headers: CF=None, XFF=None, Real=None, Client=25.12.10.22)
INFO:watchfiles.main:1 change detected
INFO:__mp_main__:Visitor IP: 25.12.10.22 (Headers: CF=None, XFF=None, Real=None, Client=25.12.10.22)
INFO:__mp_main__:Visitor IP: 25.12.10.22 (Headers: CF=None, XFF=None, Real=None, Client=25.12.10.22)
INFO:__mp_main__:Visitor IP: 25.12.10.22 (Headers: CF=None, XFF=None, Real=None, Client=25.12.10.22)
INFO:watchfiles.main:3 changes detected
[33mWARNING[0m:  WatchFiles detected changes in 'pages/expedientes.py'. Reloading...
INFO:database:Pool de conexiones cerrado
INFO:database:Pool de conexiones inicializado
INFO:watchfiles.main:3 changes detected
NiceGUI ready to go on http://localhost:8080, http://172.17.0.1:8080, http://172.18.0.1:8080, http://172.19.0.1:8080, http://172.20.0.1:8080, http://172.21.0.1:8080, http://172.22.0.1:8080, http://172.23.0.1:8080, http://172.24.0.1:8080, http://172.25.0.1:8080, http://172.26.0.1:8080, http://172.27.0.1:8080, http://172.30.0.1:8080, http://172.31.0.1:8080, http://192.168.0.1:8080, and http://25.12.11.40:8080
INFO:__mp_main__:Visitor IP: 25.12.10.22 (Headers: CF=None, XFF=None, Real=None, Client=25.12.10.22)
ERROR:nicegui:'ExpedientesPage' object has no attribute 'historial_medico'
  + Exception Group Traceback (most recent call last):
  |   File "/home/yaeladmin/git/Ingenieria-diseno-UPIICSA/Sistema/.venv/lib/python3.11/site-packages/starlette/_utils.py", line 79, in collapse_excgroups
  |     yield
  |   File "/home/yaeladmin/git/Ingenieria-diseno-UPIICSA/Sistema/.venv/lib/python3.11/site-packages/starlette/middleware/base.py", line 192, in __call__
  |     async with anyio.create_task_group() as task_group:
  |   File "/home/yaeladmin/git/Ingenieria-diseno-UPIICSA/Sistema/.venv/lib/python3.11/site-packages/anyio/_backends/_asyncio.py", line 783, in __aexit__
  |     raise BaseExceptionGroup(
  | ExceptionGroup: unhandled errors in a TaskGroup (1 sub-exception)
  +-+---------------- 1 ----------------
    | Traceback (most recent call last):
    |   File "/home/yaeladmin/git/Ingenieria-diseno-UPIICSA/Sistema/.venv/lib/python3.11/site-packages/starlette/middleware/errors.py", line 164, in __call__
    |     await self.app(scope, receive, _send)
    |   File "/home/yaeladmin/git/Ingenieria-diseno-UPIICSA/Sistema/.venv/lib/python3.11/site-packages/starlette/middleware/base.py", line 191, in __call__
    |     with recv_stream, send_stream, collapse_excgroups():
    |   File "/usr/lib/python3.11/contextlib.py", line 155, in __exit__
    |     self.gen.throw(typ, value, traceback)
    |   File "/home/yaeladmin/git/Ingenieria-diseno-UPIICSA/Sistema/.venv/lib/python3.11/site-packages/starlette/_utils.py", line 85, in collapse_excgroups
    |     raise exc
    |   File "/home/yaeladmin/git/Ingenieria-diseno-UPIICSA/Sistema/.venv/lib/python3.11/site-packages/starlette/middleware/base.py", line 193, in __call__
    |     response = await self.dispatch_func(request, call_next)
    |                ^^^^^^^^^^^^^^^^^^^^^^^^^^^^^^^^^^^^^^^^^^^^
    |   File "/home/yaeladmin/git/Ingenieria-diseno-UPIICSA/Sistema/.venv/lib/python3.11/site-packages/nicegui/middlewares.py", line 23, in dispatch
    |     response = await call_next(request)
    |                ^^^^^^^^^^^^^^^^^^^^^^^^
    |   File "/home/yaeladmin/git/Ingenieria-diseno-UPIICSA/Sistema/.venv/lib/python3.11/site-packages/starlette/middleware/base.py", line 168, in call_next
    |     raise app_exc from app_exc.__cause__ or app_exc.__context__
    |   File "/home/yaeladmin/git/Ingenieria-diseno-UPIICSA/Sistema/.venv/lib/python3.11/site-packages/starlette/middleware/base.py", line 144, in coro
    |     await self.app(scope, receive_or_disconnect, send_no_error)
    |   File "/home/yaeladmin/git/Ingenieria-diseno-UPIICSA/Sistema/.venv/lib/python3.11/site-packages/starlette/middleware/base.py", line 191, in __call__
    |     with recv_stream, send_stream, collapse_excgroups():
    |   File "/usr/lib/python3.11/contextlib.py", line 155, in __exit__
    |     self.gen.throw(typ, value, traceback)
    |   File "/home/yaeladmin/git/Ingenieria-diseno-UPIICSA/Sistema/.venv/lib/python3.11/site-packages/starlette/_utils.py", line 85, in collapse_excgroups
    |     raise exc
    |   File "/home/yaeladmin/git/Ingenieria-diseno-UPIICSA/Sistema/.venv/lib/python3.11/site-packages/starlette/middleware/base.py", line 193, in __call__
    |     response = await self.dispatch_func(request, call_next)
    |                ^^^^^^^^^^^^^^^^^^^^^^^^^^^^^^^^^^^^^^^^^^^^
    |   File "/home/yaeladmin/git/Ingenieria-diseno-UPIICSA/Sistema/.venv/lib/python3.11/site-packages/nicegui/middlewares.py", line 13, in dispatch
    |     response = await call_next(request)
    |                ^^^^^^^^^^^^^^^^^^^^^^^^
    |   File "/home/yaeladmin/git/Ingenieria-diseno-UPIICSA/Sistema/.venv/lib/python3.11/site-packages/starlette/middleware/base.py", line 168, in call_next
    |     raise app_exc from app_exc.__cause__ or app_exc.__context__
    |   File "/home/yaeladmin/git/Ingenieria-diseno-UPIICSA/Sistema/.venv/lib/python3.11/site-packages/starlette/middleware/base.py", line 144, in coro
    |     await self.app(scope, receive_or_disconnect, send_no_error)
    |   File "/home/yaeladmin/git/Ingenieria-diseno-UPIICSA/Sistema/.venv/lib/python3.11/site-packages/starlette/middleware/gzip.py", line 29, in __call__
    |     await responder(scope, receive, send)
    |   File "/home/yaeladmin/git/Ingenieria-diseno-UPIICSA/Sistema/.venv/lib/python3.11/site-packages/starlette/middleware/gzip.py", line 130, in __call__
    |     await super().__call__(scope, receive, send)
    |   File "/home/yaeladmin/git/Ingenieria-diseno-UPIICSA/Sistema/.venv/lib/python3.11/site-packages/starlette/middleware/gzip.py", line 46, in __call__
    |     await self.app(scope, receive, self.send_with_compression)
    |   File "/home/yaeladmin/git/Ingenieria-diseno-UPIICSA/Sistema/.venv/lib/python3.11/site-packages/starlette/middleware/exceptions.py", line 63, in __call__
    |     await wrap_app_handling_exceptions(self.app, conn)(scope, receive, send)
    |   File "/home/yaeladmin/git/Ingenieria-diseno-UPIICSA/Sistema/.venv/lib/python3.11/site-packages/starlette/_exception_handler.py", line 53, in wrapped_app
    |     raise exc
    |   File "/home/yaeladmin/git/Ingenieria-diseno-UPIICSA/Sistema/.venv/lib/python3.11/site-packages/starlette/_exception_handler.py", line 42, in wrapped_app
    |     await app(scope, receive, sender)
    |   File "/home/yaeladmin/git/Ingenieria-diseno-UPIICSA/Sistema/.venv/lib/python3.11/site-packages/fastapi/middleware/asyncexitstack.py", line 18, in __call__
    |     await self.app(scope, receive, send)
    |   File "/home/yaeladmin/git/Ingenieria-diseno-UPIICSA/Sistema/.venv/lib/python3.11/site-packages/starlette/routing.py", line 716, in __call__
    |     await self.middleware_stack(scope, receive, send)
    |   File "/home/yaeladmin/git/Ingenieria-diseno-UPIICSA/Sistema/.venv/lib/python3.11/site-packages/starlette/routing.py", line 736, in app
    |     await route.handle(scope, receive, send)
    |   File "/home/yaeladmin/git/Ingenieria-diseno-UPIICSA/Sistema/.venv/lib/python3.11/site-packages/starlette/routing.py", line 290, in handle
    |     await self.app(scope, receive, send)
    |   File "/home/yaeladmin/git/Ingenieria-diseno-UPIICSA/Sistema/.venv/lib/python3.11/site-packages/fastapi/routing.py", line 120, in app
    |     await wrap_app_handling_exceptions(app, request)(scope, receive, send)
    |   File "/home/yaeladmin/git/Ingenieria-diseno-UPIICSA/Sistema/.venv/lib/python3.11/site-packages/starlette/_exception_handler.py", line 53, in wrapped_app
    |     raise exc
    |   File "/home/yaeladmin/git/Ingenieria-diseno-UPIICSA/Sistema/.venv/lib/python3.11/site-packages/starlette/_exception_handler.py", line 42, in wrapped_app
    |     await app(scope, receive, sender)
    |   File "/home/yaeladmin/git/Ingenieria-diseno-UPIICSA/Sistema/.venv/lib/python3.11/site-packages/fastapi/routing.py", line 106, in app
    |     response = await f(request)
    |                ^^^^^^^^^^^^^^^^
    |   File "/home/yaeladmin/git/Ingenieria-diseno-UPIICSA/Sistema/.venv/lib/python3.11/site-packages/fastapi/routing.py", line 430, in app
    |     raw_response = await run_endpoint_function(
    |                    ^^^^^^^^^^^^^^^^^^^^^^^^^^^^
    |   File "/home/yaeladmin/git/Ingenieria-diseno-UPIICSA/Sistema/.venv/lib/python3.11/site-packages/fastapi/routing.py", line 316, in run_endpoint_function
    |     return await dependant.call(**values)
    |            ^^^^^^^^^^^^^^^^^^^^^^^^^^^^^^
    |   File "/home/yaeladmin/git/Ingenieria-diseno-UPIICSA/Sistema/.venv/lib/python3.11/site-packages/nicegui/page.py", line 161, in decorated
    |     return create_error_page(e, request)
    |            ^^^^^^^^^^^^^^^^^^^^^^^^^^^^^
    |   File "/home/yaeladmin/git/Ingenieria-diseno-UPIICSA/Sistema/.venv/lib/python3.11/site-packages/nicegui/page.py", line 128, in create_error_page
    |     raise e
    |   File "/home/yaeladmin/git/Ingenieria-diseno-UPIICSA/Sistema/.venv/lib/python3.11/site-packages/nicegui/page.py", line 159, in decorated
    |     result = func(*dec_args, **dec_kwargs)
    |              ^^^^^^^^^^^^^^^^^^^^^^^^^^^^^
    |   File "/home/yaeladmin/git/Ingenieria-diseno-UPIICSA/Sistema/main.py", line 135, in expedientes
    |     render_expedientes(paciente_id)
    |   File "/home/yaeladmin/git/Ingenieria-diseno-UPIICSA/Sistema/main.py", line 183, in render_expedientes
    |     current_page = ExpedientesPage(paciente_id=paciente_id)
    |                    ^^^^^^^^^^^^^^^^^^^^^^^^^^^^^^^^^^^^^^^^
    |   File "/home/yaeladmin/git/Ingenieria-diseno-UPIICSA/Sistema/pages/expedientes.py", line 11, in __init__
    |     self.create_content()
    |   File "/home/yaeladmin/git/Ingenieria-diseno-UPIICSA/Sistema/pages/expedientes.py", line 62, in create_content
    |     self.mostrar_vacio()
    |   File "/home/yaeladmin/git/Ingenieria-diseno-UPIICSA/Sistema/pages/expedientes.py", line 76, in mostrar_vacio
    |     self.historial_medico.clear()
    |     ^^^^^^^^^^^^^^^^^^^^^
    | AttributeError: 'ExpedientesPage' object has no attribute 'historial_medico'
    +------------------------------------

The above exception was the direct cause of the following exception:

Traceback (most recent call last):
  File "/home/yaeladmin/git/Ingenieria-diseno-UPIICSA/Sistema/.venv/lib/python3.11/site-packages/starlette/middleware/errors.py", line 164, in __call__
    await self.app(scope, receive, _send)
  File "/home/yaeladmin/git/Ingenieria-diseno-UPIICSA/Sistema/.venv/lib/python3.11/site-packages/starlette/middleware/base.py", line 191, in __call__
    with recv_stream, send_stream, collapse_excgroups():
  File "/usr/lib/python3.11/contextlib.py", line 155, in __exit__
    self.gen.throw(typ, value, traceback)
  File "/home/yaeladmin/git/Ingenieria-diseno-UPIICSA/Sistema/.venv/lib/python3.11/site-packages/starlette/_utils.py", line 85, in collapse_excgroups
    raise exc
  File "/home/yaeladmin/git/Ingenieria-diseno-UPIICSA/Sistema/.venv/lib/python3.11/site-packages/starlette/middleware/base.py", line 193, in __call__
    response = await self.dispatch_func(request, call_next)
               ^^^^^^^^^^^^^^^^^^^^^^^^^^^^^^^^^^^^^^^^^^^^
  File "/home/yaeladmin/git/Ingenieria-diseno-UPIICSA/Sistema/.venv/lib/python3.11/site-packages/nicegui/middlewares.py", line 23, in dispatch
    response = await call_next(request)
               ^^^^^^^^^^^^^^^^^^^^^^^^
  File "/home/yaeladmin/git/Ingenieria-diseno-UPIICSA/Sistema/.venv/lib/python3.11/site-packages/starlette/middleware/base.py", line 168, in call_next
    raise app_exc from app_exc.__cause__ or app_exc.__context__
  File "/home/yaeladmin/git/Ingenieria-diseno-UPIICSA/Sistema/.venv/lib/python3.11/site-packages/starlette/middleware/base.py", line 144, in coro
    await self.app(scope, receive_or_disconnect, send_no_error)
  File "/home/yaeladmin/git/Ingenieria-diseno-UPIICSA/Sistema/.venv/lib/python3.11/site-packages/starlette/middleware/base.py", line 191, in __call__
    with recv_stream, send_stream, collapse_excgroups():
  File "/usr/lib/python3.11/contextlib.py", line 155, in __exit__
    self.gen.throw(typ, value, traceback)
  File "/home/yaeladmin/git/Ingenieria-diseno-UPIICSA/Sistema/.venv/lib/python3.11/site-packages/starlette/_utils.py", line 85, in collapse_excgroups
    raise exc
  File "/home/yaeladmin/git/Ingenieria-diseno-UPIICSA/Sistema/.venv/lib/python3.11/site-packages/starlette/middleware/base.py", line 193, in __call__
    response = await self.dispatch_func(request, call_next)
               ^^^^^^^^^^^^^^^^^^^^^^^^^^^^^^^^^^^^^^^^^^^^
  File "/home/yaeladmin/git/Ingenieria-diseno-UPIICSA/Sistema/.venv/lib/python3.11/site-packages/nicegui/middlewares.py", line 13, in dispatch
    response = await call_next(request)
               ^^^^^^^^^^^^^^^^^^^^^^^^
  File "/home/yaeladmin/git/Ingenieria-diseno-UPIICSA/Sistema/.venv/lib/python3.11/site-packages/starlette/middleware/base.py", line 168, in call_next
    raise app_exc from app_exc.__cause__ or app_exc.__context__
  File "/home/yaeladmin/git/Ingenieria-diseno-UPIICSA/Sistema/.venv/lib/python3.11/site-packages/starlette/middleware/base.py", line 144, in coro
    await self.app(scope, receive_or_disconnect, send_no_error)
  File "/home/yaeladmin/git/Ingenieria-diseno-UPIICSA/Sistema/.venv/lib/python3.11/site-packages/starlette/middleware/gzip.py", line 29, in __call__
    await responder(scope, receive, send)
  File "/home/yaeladmin/git/Ingenieria-diseno-UPIICSA/Sistema/.venv/lib/python3.11/site-packages/starlette/middleware/gzip.py", line 130, in __call__
    await super().__call__(scope, receive, send)
  File "/home/yaeladmin/git/Ingenieria-diseno-UPIICSA/Sistema/.venv/lib/python3.11/site-packages/starlette/middleware/gzip.py", line 46, in __call__
    await self.app(scope, receive, self.send_with_compression)
  File "/home/yaeladmin/git/Ingenieria-diseno-UPIICSA/Sistema/.venv/lib/python3.11/site-packages/starlette/middleware/exceptions.py", line 63, in __call__
    await wrap_app_handling_exceptions(self.app, conn)(scope, receive, send)
  File "/home/yaeladmin/git/Ingenieria-diseno-UPIICSA/Sistema/.venv/lib/python3.11/site-packages/starlette/_exception_handler.py", line 53, in wrapped_app
    raise exc
  File "/home/yaeladmin/git/Ingenieria-diseno-UPIICSA/Sistema/.venv/lib/python3.11/site-packages/starlette/_exception_handler.py", line 42, in wrapped_app
    await app(scope, receive, sender)
  File "/home/yaeladmin/git/Ingenieria-diseno-UPIICSA/Sistema/.venv/lib/python3.11/site-packages/fastapi/middleware/asyncexitstack.py", line 18, in __call__
    await self.app(scope, receive, send)
  File "/home/yaeladmin/git/Ingenieria-diseno-UPIICSA/Sistema/.venv/lib/python3.11/site-packages/starlette/routing.py", line 716, in __call__
    await self.middleware_stack(scope, receive, send)
  File "/home/yaeladmin/git/Ingenieria-diseno-UPIICSA/Sistema/.venv/lib/python3.11/site-packages/starlette/routing.py", line 736, in app
    await route.handle(scope, receive, send)
  File "/home/yaeladmin/git/Ingenieria-diseno-UPIICSA/Sistema/.venv/lib/python3.11/site-packages/starlette/routing.py", line 290, in handle
    await self.app(scope, receive, send)
  File "/home/yaeladmin/git/Ingenieria-diseno-UPIICSA/Sistema/.venv/lib/python3.11/site-packages/fastapi/routing.py", line 120, in app
    await wrap_app_handling_exceptions(app, request)(scope, receive, send)
  File "/home/yaeladmin/git/Ingenieria-diseno-UPIICSA/Sistema/.venv/lib/python3.11/site-packages/starlette/_exception_handler.py", line 53, in wrapped_app
    raise exc
  File "/home/yaeladmin/git/Ingenieria-diseno-UPIICSA/Sistema/.venv/lib/python3.11/site-packages/starlette/_exception_handler.py", line 42, in wrapped_app
    await app(scope, receive, sender)
  File "/home/yaeladmin/git/Ingenieria-diseno-UPIICSA/Sistema/.venv/lib/python3.11/site-packages/fastapi/routing.py", line 106, in app
    response = await f(request)
               ^^^^^^^^^^^^^^^^
  File "/home/yaeladmin/git/Ingenieria-diseno-UPIICSA/Sistema/.venv/lib/python3.11/site-packages/fastapi/routing.py", line 430, in app
    raw_response = await run_endpoint_function(
                   ^^^^^^^^^^^^^^^^^^^^^^^^^^^^
  File "/home/yaeladmin/git/Ingenieria-diseno-UPIICSA/Sistema/.venv/lib/python3.11/site-packages/fastapi/routing.py", line 316, in run_endpoint_function
    return await dependant.call(**values)
           ^^^^^^^^^^^^^^^^^^^^^^^^^^^^^^
  File "/home/yaeladmin/git/Ingenieria-diseno-UPIICSA/Sistema/.venv/lib/python3.11/site-packages/nicegui/page.py", line 161, in decorated
    return create_error_page(e, request)
           ^^^^^^^^^^^^^^^^^^^^^^^^^^^^^
  File "/home/yaeladmin/git/Ingenieria-diseno-UPIICSA/Sistema/.venv/lib/python3.11/site-packages/nicegui/page.py", line 128, in create_error_page
    raise e
  File "/home/yaeladmin/git/Ingenieria-diseno-UPIICSA/Sistema/.venv/lib/python3.11/site-packages/nicegui/page.py", line 159, in decorated
    result = func(*dec_args, **dec_kwargs)
             ^^^^^^^^^^^^^^^^^^^^^^^^^^^^^
  File "/home/yaeladmin/git/Ingenieria-diseno-UPIICSA/Sistema/main.py", line 135, in expedientes
    render_expedientes(paciente_id)
  File "/home/yaeladmin/git/Ingenieria-diseno-UPIICSA/Sistema/main.py", line 183, in render_expedientes
    current_page = ExpedientesPage(paciente_id=paciente_id)
                   ^^^^^^^^^^^^^^^^^^^^^^^^^^^^^^^^^^^^^^^^
  File "/home/yaeladmin/git/Ingenieria-diseno-UPIICSA/Sistema/pages/expedientes.py", line 11, in __init__
    self.create_content()
  File "/home/yaeladmin/git/Ingenieria-diseno-UPIICSA/Sistema/pages/expedientes.py", line 62, in create_content
    self.mostrar_vacio()
  File "/home/yaeladmin/git/Ingenieria-diseno-UPIICSA/Sistema/pages/expedientes.py", line 76, in mostrar_vacio
    self.historial_medico.clear()
    ^^^^^^^^^^^^^^^^^^^^^
AttributeError: 'ExpedientesPage' object has no attribute 'historial_medico'
[31mERROR[0m:    Exception in ASGI application
  + Exception Group Traceback (most recent call last):
  |   File "/home/yaeladmin/git/Ingenieria-diseno-UPIICSA/Sistema/.venv/lib/python3.11/site-packages/starlette/_utils.py", line 79, in collapse_excgroups
  |     yield
  |   File "/home/yaeladmin/git/Ingenieria-diseno-UPIICSA/Sistema/.venv/lib/python3.11/site-packages/starlette/middleware/base.py", line 192, in __call__
  |     async with anyio.create_task_group() as task_group:
  |   File "/home/yaeladmin/git/Ingenieria-diseno-UPIICSA/Sistema/.venv/lib/python3.11/site-packages/anyio/_backends/_asyncio.py", line 783, in __aexit__
  |     raise BaseExceptionGroup(
  | ExceptionGroup: unhandled errors in a TaskGroup (1 sub-exception)
  +-+---------------- 1 ----------------
    | Traceback (most recent call last):
    |   File "/home/yaeladmin/git/Ingenieria-diseno-UPIICSA/Sistema/.venv/lib/python3.11/site-packages/uvicorn/protocols/http/httptools_impl.py", line 409, in run_asgi
    |     result = await app(  # type: ignore[func-returns-value]
    |              ^^^^^^^^^^^^^^^^^^^^^^^^^^^^^^^^^^^^^^^^^^^^^^
    |   File "/home/yaeladmin/git/Ingenieria-diseno-UPIICSA/Sistema/.venv/lib/python3.11/site-packages/uvicorn/middleware/proxy_headers.py", line 60, in __call__
    |     return await self.app(scope, receive, send)
    |            ^^^^^^^^^^^^^^^^^^^^^^^^^^^^^^^^^^^^
    |   File "/home/yaeladmin/git/Ingenieria-diseno-UPIICSA/Sistema/.venv/lib/python3.11/site-packages/fastapi/applications.py", line 1139, in __call__
    |     await super().__call__(scope, receive, send)
    |   File "/home/yaeladmin/git/Ingenieria-diseno-UPIICSA/Sistema/.venv/lib/python3.11/site-packages/starlette/applications.py", line 107, in __call__
    |     await self.middleware_stack(scope, receive, send)
    |   File "/home/yaeladmin/git/Ingenieria-diseno-UPIICSA/Sistema/.venv/lib/python3.11/site-packages/starlette/middleware/errors.py", line 186, in __call__
    |     raise exc
    |   File "/home/yaeladmin/git/Ingenieria-diseno-UPIICSA/Sistema/.venv/lib/python3.11/site-packages/starlette/middleware/errors.py", line 164, in __call__
    |     await self.app(scope, receive, _send)
    |   File "/home/yaeladmin/git/Ingenieria-diseno-UPIICSA/Sistema/.venv/lib/python3.11/site-packages/starlette/middleware/base.py", line 191, in __call__
    |     with recv_stream, send_stream, collapse_excgroups():
    |   File "/usr/lib/python3.11/contextlib.py", line 155, in __exit__
    |     self.gen.throw(typ, value, traceback)
    |   File "/home/yaeladmin/git/Ingenieria-diseno-UPIICSA/Sistema/.venv/lib/python3.11/site-packages/starlette/_utils.py", line 85, in collapse_excgroups
    |     raise exc
    |   File "/home/yaeladmin/git/Ingenieria-diseno-UPIICSA/Sistema/.venv/lib/python3.11/site-packages/starlette/middleware/base.py", line 193, in __call__
    |     response = await self.dispatch_func(request, call_next)
    |                ^^^^^^^^^^^^^^^^^^^^^^^^^^^^^^^^^^^^^^^^^^^^
    |   File "/home/yaeladmin/git/Ingenieria-diseno-UPIICSA/Sistema/.venv/lib/python3.11/site-packages/nicegui/middlewares.py", line 23, in dispatch
    |     response = await call_next(request)
    |                ^^^^^^^^^^^^^^^^^^^^^^^^
    |   File "/home/yaeladmin/git/Ingenieria-diseno-UPIICSA/Sistema/.venv/lib/python3.11/site-packages/starlette/middleware/base.py", line 168, in call_next
    |     raise app_exc from app_exc.__cause__ or app_exc.__context__
    |   File "/home/yaeladmin/git/Ingenieria-diseno-UPIICSA/Sistema/.venv/lib/python3.11/site-packages/starlette/middleware/base.py", line 144, in coro
    |     await self.app(scope, receive_or_disconnect, send_no_error)
    |   File "/home/yaeladmin/git/Ingenieria-diseno-UPIICSA/Sistema/.venv/lib/python3.11/site-packages/starlette/middleware/base.py", line 191, in __call__
    |     with recv_stream, send_stream, collapse_excgroups():
    |   File "/usr/lib/python3.11/contextlib.py", line 155, in __exit__
    |     self.gen.throw(typ, value, traceback)
    |   File "/home/yaeladmin/git/Ingenieria-diseno-UPIICSA/Sistema/.venv/lib/python3.11/site-packages/starlette/_utils.py", line 85, in collapse_excgroups
    |     raise exc
    |   File "/home/yaeladmin/git/Ingenieria-diseno-UPIICSA/Sistema/.venv/lib/python3.11/site-packages/starlette/middleware/base.py", line 193, in __call__
    |     response = await self.dispatch_func(request, call_next)
    |                ^^^^^^^^^^^^^^^^^^^^^^^^^^^^^^^^^^^^^^^^^^^^
    |   File "/home/yaeladmin/git/Ingenieria-diseno-UPIICSA/Sistema/.venv/lib/python3.11/site-packages/nicegui/middlewares.py", line 13, in dispatch
    |     response = await call_next(request)
    |                ^^^^^^^^^^^^^^^^^^^^^^^^
    |   File "/home/yaeladmin/git/Ingenieria-diseno-UPIICSA/Sistema/.venv/lib/python3.11/site-packages/starlette/middleware/base.py", line 168, in call_next
    |     raise app_exc from app_exc.__cause__ or app_exc.__context__
    |   File "/home/yaeladmin/git/Ingenieria-diseno-UPIICSA/Sistema/.venv/lib/python3.11/site-packages/starlette/middleware/base.py", line 144, in coro
    |     await self.app(scope, receive_or_disconnect, send_no_error)
    |   File "/home/yaeladmin/git/Ingenieria-diseno-UPIICSA/Sistema/.venv/lib/python3.11/site-packages/starlette/middleware/gzip.py", line 29, in __call__
    |     await responder(scope, receive, send)
    |   File "/home/yaeladmin/git/Ingenieria-diseno-UPIICSA/Sistema/.venv/lib/python3.11/site-packages/starlette/middleware/gzip.py", line 130, in __call__
    |     await super().__call__(scope, receive, send)
    |   File "/home/yaeladmin/git/Ingenieria-diseno-UPIICSA/Sistema/.venv/lib/python3.11/site-packages/starlette/middleware/gzip.py", line 46, in __call__
    |     await self.app(scope, receive, self.send_with_compression)
    |   File "/home/yaeladmin/git/Ingenieria-diseno-UPIICSA/Sistema/.venv/lib/python3.11/site-packages/starlette/middleware/exceptions.py", line 63, in __call__
    |     await wrap_app_handling_exceptions(self.app, conn)(scope, receive, send)
    |   File "/home/yaeladmin/git/Ingenieria-diseno-UPIICSA/Sistema/.venv/lib/python3.11/site-packages/starlette/_exception_handler.py", line 53, in wrapped_app
    |     raise exc
    |   File "/home/yaeladmin/git/Ingenieria-diseno-UPIICSA/Sistema/.venv/lib/python3.11/site-packages/starlette/_exception_handler.py", line 42, in wrapped_app
    |     await app(scope, receive, sender)
    |   File "/home/yaeladmin/git/Ingenieria-diseno-UPIICSA/Sistema/.venv/lib/python3.11/site-packages/fastapi/middleware/asyncexitstack.py", line 18, in __call__
    |     await self.app(scope, receive, send)
    |   File "/home/yaeladmin/git/Ingenieria-diseno-UPIICSA/Sistema/.venv/lib/python3.11/site-packages/starlette/routing.py", line 716, in __call__
    |     await self.middleware_stack(scope, receive, send)
    |   File "/home/yaeladmin/git/Ingenieria-diseno-UPIICSA/Sistema/.venv/lib/python3.11/site-packages/starlette/routing.py", line 736, in app
    |     await route.handle(scope, receive, send)
    |   File "/home/yaeladmin/git/Ingenieria-diseno-UPIICSA/Sistema/.venv/lib/python3.11/site-packages/starlette/routing.py", line 290, in handle
    |     await self.app(scope, receive, send)
    |   File "/home/yaeladmin/git/Ingenieria-diseno-UPIICSA/Sistema/.venv/lib/python3.11/site-packages/fastapi/routing.py", line 120, in app
    |     await wrap_app_handling_exceptions(app, request)(scope, receive, send)
    |   File "/home/yaeladmin/git/Ingenieria-diseno-UPIICSA/Sistema/.venv/lib/python3.11/site-packages/starlette/_exception_handler.py", line 53, in wrapped_app
    |     raise exc
    |   File "/home/yaeladmin/git/Ingenieria-diseno-UPIICSA/Sistema/.venv/lib/python3.11/site-packages/starlette/_exception_handler.py", line 42, in wrapped_app
    |     await app(scope, receive, sender)
    |   File "/home/yaeladmin/git/Ingenieria-diseno-UPIICSA/Sistema/.venv/lib/python3.11/site-packages/fastapi/routing.py", line 106, in app
    |     response = await f(request)
    |                ^^^^^^^^^^^^^^^^
    |   File "/home/yaeladmin/git/Ingenieria-diseno-UPIICSA/Sistema/.venv/lib/python3.11/site-packages/fastapi/routing.py", line 430, in app
    |     raw_response = await run_endpoint_function(
    |                    ^^^^^^^^^^^^^^^^^^^^^^^^^^^^
    |   File "/home/yaeladmin/git/Ingenieria-diseno-UPIICSA/Sistema/.venv/lib/python3.11/site-packages/fastapi/routing.py", line 316, in run_endpoint_function
    |     return await dependant.call(**values)
    |            ^^^^^^^^^^^^^^^^^^^^^^^^^^^^^^
    |   File "/home/yaeladmin/git/Ingenieria-diseno-UPIICSA/Sistema/.venv/lib/python3.11/site-packages/nicegui/page.py", line 161, in decorated
    |     return create_error_page(e, request)
    |            ^^^^^^^^^^^^^^^^^^^^^^^^^^^^^
    |   File "/home/yaeladmin/git/Ingenieria-diseno-UPIICSA/Sistema/.venv/lib/python3.11/site-packages/nicegui/page.py", line 128, in create_error_page
    |     raise e
    |   File "/home/yaeladmin/git/Ingenieria-diseno-UPIICSA/Sistema/.venv/lib/python3.11/site-packages/nicegui/page.py", line 159, in decorated
    |     result = func(*dec_args, **dec_kwargs)
    |              ^^^^^^^^^^^^^^^^^^^^^^^^^^^^^
    |   File "/home/yaeladmin/git/Ingenieria-diseno-UPIICSA/Sistema/main.py", line 135, in expedientes
    |     render_expedientes(paciente_id)
    |   File "/home/yaeladmin/git/Ingenieria-diseno-UPIICSA/Sistema/main.py", line 183, in render_expedientes
    |     current_page = ExpedientesPage(paciente_id=paciente_id)
    |                    ^^^^^^^^^^^^^^^^^^^^^^^^^^^^^^^^^^^^^^^^
    |   File "/home/yaeladmin/git/Ingenieria-diseno-UPIICSA/Sistema/pages/expedientes.py", line 11, in __init__
    |     self.create_content()
    |   File "/home/yaeladmin/git/Ingenieria-diseno-UPIICSA/Sistema/pages/expedientes.py", line 62, in create_content
    |     self.mostrar_vacio()
    |   File "/home/yaeladmin/git/Ingenieria-diseno-UPIICSA/Sistema/pages/expedientes.py", line 76, in mostrar_vacio
    |     self.historial_medico.clear()
    |     ^^^^^^^^^^^^^^^^^^^^^
    | AttributeError: 'ExpedientesPage' object has no attribute 'historial_medico'
    +------------------------------------

The above exception was the direct cause of the following exception:

Traceback (most recent call last):
  File "/home/yaeladmin/git/Ingenieria-diseno-UPIICSA/Sistema/.venv/lib/python3.11/site-packages/uvicorn/protocols/http/httptools_impl.py", line 409, in run_asgi
    result = await app(  # type: ignore[func-returns-value]
             ^^^^^^^^^^^^^^^^^^^^^^^^^^^^^^^^^^^^^^^^^^^^^^
  File "/home/yaeladmin/git/Ingenieria-diseno-UPIICSA/Sistema/.venv/lib/python3.11/site-packages/uvicorn/middleware/proxy_headers.py", line 60, in __call__
    return await self.app(scope, receive, send)
           ^^^^^^^^^^^^^^^^^^^^^^^^^^^^^^^^^^^^
  File "/home/yaeladmin/git/Ingenieria-diseno-UPIICSA/Sistema/.venv/lib/python3.11/site-packages/fastapi/applications.py", line 1139, in __call__
    await super().__call__(scope, receive, send)
  File "/home/yaeladmin/git/Ingenieria-diseno-UPIICSA/Sistema/.venv/lib/python3.11/site-packages/starlette/applications.py", line 107, in __call__
    await self.middleware_stack(scope, receive, send)
  File "/home/yaeladmin/git/Ingenieria-diseno-UPIICSA/Sistema/.venv/lib/python3.11/site-packages/starlette/middleware/errors.py", line 186, in __call__
    raise exc
  File "/home/yaeladmin/git/Ingenieria-diseno-UPIICSA/Sistema/.venv/lib/python3.11/site-packages/starlette/middleware/errors.py", line 164, in __call__
    await self.app(scope, receive, _send)
  File "/home/yaeladmin/git/Ingenieria-diseno-UPIICSA/Sistema/.venv/lib/python3.11/site-packages/starlette/middleware/base.py", line 191, in __call__
    with recv_stream, send_stream, collapse_excgroups():
  File "/usr/lib/python3.11/contextlib.py", line 155, in __exit__
    self.gen.throw(typ, value, traceback)
  File "/home/yaeladmin/git/Ingenieria-diseno-UPIICSA/Sistema/.venv/lib/python3.11/site-packages/starlette/_utils.py", line 85, in collapse_excgroups
    raise exc
  File "/home/yaeladmin/git/Ingenieria-diseno-UPIICSA/Sistema/.venv/lib/python3.11/site-packages/starlette/middleware/base.py", line 193, in __call__
    response = await self.dispatch_func(request, call_next)
               ^^^^^^^^^^^^^^^^^^^^^^^^^^^^^^^^^^^^^^^^^^^^
  File "/home/yaeladmin/git/Ingenieria-diseno-UPIICSA/Sistema/.venv/lib/python3.11/site-packages/nicegui/middlewares.py", line 23, in dispatch
    response = await call_next(request)
               ^^^^^^^^^^^^^^^^^^^^^^^^
  File "/home/yaeladmin/git/Ingenieria-diseno-UPIICSA/Sistema/.venv/lib/python3.11/site-packages/starlette/middleware/base.py", line 168, in call_next
    raise app_exc from app_exc.__cause__ or app_exc.__context__
  File "/home/yaeladmin/git/Ingenieria-diseno-UPIICSA/Sistema/.venv/lib/python3.11/site-packages/starlette/middleware/base.py", line 144, in coro
    await self.app(scope, receive_or_disconnect, send_no_error)
  File "/home/yaeladmin/git/Ingenieria-diseno-UPIICSA/Sistema/.venv/lib/python3.11/site-packages/starlette/middleware/base.py", line 191, in __call__
    with recv_stream, send_stream, collapse_excgroups():
  File "/usr/lib/python3.11/contextlib.py", line 155, in __exit__
    self.gen.throw(typ, value, traceback)
  File "/home/yaeladmin/git/Ingenieria-diseno-UPIICSA/Sistema/.venv/lib/python3.11/site-packages/starlette/_utils.py", line 85, in collapse_excgroups
    raise exc
  File "/home/yaeladmin/git/Ingenieria-diseno-UPIICSA/Sistema/.venv/lib/python3.11/site-packages/starlette/middleware/base.py", line 193, in __call__
    response = await self.dispatch_func(request, call_next)
               ^^^^^^^^^^^^^^^^^^^^^^^^^^^^^^^^^^^^^^^^^^^^
  File "/home/yaeladmin/git/Ingenieria-diseno-UPIICSA/Sistema/.venv/lib/python3.11/site-packages/nicegui/middlewares.py", line 13, in dispatch
    response = await call_next(request)
               ^^^^^^^^^^^^^^^^^^^^^^^^
  File "/home/yaeladmin/git/Ingenieria-diseno-UPIICSA/Sistema/.venv/lib/python3.11/site-packages/starlette/middleware/base.py", line 168, in call_next
    raise app_exc from app_exc.__cause__ or app_exc.__context__
  File "/home/yaeladmin/git/Ingenieria-diseno-UPIICSA/Sistema/.venv/lib/python3.11/site-packages/starlette/middleware/base.py", line 144, in coro
    await self.app(scope, receive_or_disconnect, send_no_error)
  File "/home/yaeladmin/git/Ingenieria-diseno-UPIICSA/Sistema/.venv/lib/python3.11/site-packages/starlette/middleware/gzip.py", line 29, in __call__
    await responder(scope, receive, send)
  File "/home/yaeladmin/git/Ingenieria-diseno-UPIICSA/Sistema/.venv/lib/python3.11/site-packages/starlette/middleware/gzip.py", line 130, in __call__
    await super().__call__(scope, receive, send)
  File "/home/yaeladmin/git/Ingenieria-diseno-UPIICSA/Sistema/.venv/lib/python3.11/site-packages/starlette/middleware/gzip.py", line 46, in __call__
    await self.app(scope, receive, self.send_with_compression)
  File "/home/yaeladmin/git/Ingenieria-diseno-UPIICSA/Sistema/.venv/lib/python3.11/site-packages/starlette/middleware/exceptions.py", line 63, in __call__
    await wrap_app_handling_exceptions(self.app, conn)(scope, receive, send)
  File "/home/yaeladmin/git/Ingenieria-diseno-UPIICSA/Sistema/.venv/lib/python3.11/site-packages/starlette/_exception_handler.py", line 53, in wrapped_app
    raise exc
  File "/home/yaeladmin/git/Ingenieria-diseno-UPIICSA/Sistema/.venv/lib/python3.11/site-packages/starlette/_exception_handler.py", line 42, in wrapped_app
    await app(scope, receive, sender)
  File "/home/yaeladmin/git/Ingenieria-diseno-UPIICSA/Sistema/.venv/lib/python3.11/site-packages/fastapi/middleware/asyncexitstack.py", line 18, in __call__
    await self.app(scope, receive, send)
  File "/home/yaeladmin/git/Ingenieria-diseno-UPIICSA/Sistema/.venv/lib/python3.11/site-packages/starlette/routing.py", line 716, in __call__
    await self.middleware_stack(scope, receive, send)
  File "/home/yaeladmin/git/Ingenieria-diseno-UPIICSA/Sistema/.venv/lib/python3.11/site-packages/starlette/routing.py", line 736, in app
    await route.handle(scope, receive, send)
  File "/home/yaeladmin/git/Ingenieria-diseno-UPIICSA/Sistema/.venv/lib/python3.11/site-packages/starlette/routing.py", line 290, in handle
    await self.app(scope, receive, send)
  File "/home/yaeladmin/git/Ingenieria-diseno-UPIICSA/Sistema/.venv/lib/python3.11/site-packages/fastapi/routing.py", line 120, in app
    await wrap_app_handling_exceptions(app, request)(scope, receive, send)
  File "/home/yaeladmin/git/Ingenieria-diseno-UPIICSA/Sistema/.venv/lib/python3.11/site-packages/starlette/_exception_handler.py", line 53, in wrapped_app
    raise exc
  File "/home/yaeladmin/git/Ingenieria-diseno-UPIICSA/Sistema/.venv/lib/python3.11/site-packages/starlette/_exception_handler.py", line 42, in wrapped_app
    await app(scope, receive, sender)
  File "/home/yaeladmin/git/Ingenieria-diseno-UPIICSA/Sistema/.venv/lib/python3.11/site-packages/fastapi/routing.py", line 106, in app
    response = await f(request)
               ^^^^^^^^^^^^^^^^
  File "/home/yaeladmin/git/Ingenieria-diseno-UPIICSA/Sistema/.venv/lib/python3.11/site-packages/fastapi/routing.py", line 430, in app
    raw_response = await run_endpoint_function(
                   ^^^^^^^^^^^^^^^^^^^^^^^^^^^^
  File "/home/yaeladmin/git/Ingenieria-diseno-UPIICSA/Sistema/.venv/lib/python3.11/site-packages/fastapi/routing.py", line 316, in run_endpoint_function
    return await dependant.call(**values)
           ^^^^^^^^^^^^^^^^^^^^^^^^^^^^^^
  File "/home/yaeladmin/git/Ingenieria-diseno-UPIICSA/Sistema/.venv/lib/python3.11/site-packages/nicegui/page.py", line 161, in decorated
    return create_error_page(e, request)
           ^^^^^^^^^^^^^^^^^^^^^^^^^^^^^
  File "/home/yaeladmin/git/Ingenieria-diseno-UPIICSA/Sistema/.venv/lib/python3.11/site-packages/nicegui/page.py", line 128, in create_error_page
    raise e
  File "/home/yaeladmin/git/Ingenieria-diseno-UPIICSA/Sistema/.venv/lib/python3.11/site-packages/nicegui/page.py", line 159, in decorated
    result = func(*dec_args, **dec_kwargs)
             ^^^^^^^^^^^^^^^^^^^^^^^^^^^^^
  File "/home/yaeladmin/git/Ingenieria-diseno-UPIICSA/Sistema/main.py", line 135, in expedientes
    render_expedientes(paciente_id)
  File "/home/yaeladmin/git/Ingenieria-diseno-UPIICSA/Sistema/main.py", line 183, in render_expedientes
    current_page = ExpedientesPage(paciente_id=paciente_id)
                   ^^^^^^^^^^^^^^^^^^^^^^^^^^^^^^^^^^^^^^^^
  File "/home/yaeladmin/git/Ingenieria-diseno-UPIICSA/Sistema/pages/expedientes.py", line 11, in __init__
    self.create_content()
  File "/home/yaeladmin/git/Ingenieria-diseno-UPIICSA/Sistema/pages/expedientes.py", line 62, in create_content
    self.mostrar_vacio()
  File "/home/yaeladmin/git/Ingenieria-diseno-UPIICSA/Sistema/pages/expedientes.py", line 76, in mostrar_vacio
    self.historial_medico.clear()
    ^^^^^^^^^^^^^^^^^^^^^
AttributeError: 'ExpedientesPage' object has no attribute 'historial_medico'
INFO:watchfiles.main:1 change detected
INFO:watchfiles.main:1 change detected
INFO:watchfiles.main:3 changes detected
[33mWARNING[0m:  WatchFiles detected changes in 'pages/expedientes.py'. Reloading...
INFO:database:Pool de conexiones cerrado
INFO:database:Pool de conexiones inicializado
NiceGUI ready to go on http://localhost:8080, http://172.17.0.1:8080, http://172.18.0.1:8080, http://172.19.0.1:8080, http://172.20.0.1:8080, http://172.21.0.1:8080, http://172.22.0.1:8080, http://172.23.0.1:8080, http://172.24.0.1:8080, http://172.25.0.1:8080, http://172.26.0.1:8080, http://172.27.0.1:8080, http://172.30.0.1:8080, http://172.31.0.1:8080, http://192.168.0.1:8080, and http://25.12.11.40:8080
INFO:watchfiles.main:3 changes detected
INFO:__mp_main__:Visitor IP: 25.12.10.22 (Headers: CF=None, XFF=None, Real=None, Client=25.12.10.22)
INFO:watchfiles.main:3 changes detected
[33mWARNING[0m:  WatchFiles detected changes in 'pages/expedientes.py'. Reloading...
INFO:database:Pool de conexiones cerrado
INFO:database:Pool de conexiones inicializado
INFO:watchfiles.main:3 changes detected
NiceGUI ready to go on http://localhost:8080, http://172.17.0.1:8080, http://172.18.0.1:8080, http://172.19.0.1:8080, http://172.20.0.1:8080, http://172.21.0.1:8080, http://172.22.0.1:8080, http://172.23.0.1:8080, http://172.24.0.1:8080, http://172.25.0.1:8080, http://172.26.0.1:8080, http://172.27.0.1:8080, http://172.30.0.1:8080, http://172.31.0.1:8080, http://192.168.0.1:8080, and http://25.12.11.40:8080
INFO:__mp_main__:Visitor IP: 25.12.10.22 (Headers: CF=None, XFF=None, Real=None, Client=25.12.10.22)
INFO:watchfiles.main:3 changes detected
[33mWARNING[0m:  WatchFiles detected changes in 'pages/expedientes.py'. Reloading...
INFO:database:Pool de conexiones cerrado
INFO:database:Pool de conexiones inicializado
INFO:watchfiles.main:3 changes detected
NiceGUI ready to go on http://localhost:8080, http://172.17.0.1:8080, http://172.18.0.1:8080, http://172.19.0.1:8080, http://172.20.0.1:8080, http://172.21.0.1:8080, http://172.22.0.1:8080, http://172.23.0.1:8080, http://172.24.0.1:8080, http://172.25.0.1:8080, http://172.26.0.1:8080, http://172.27.0.1:8080, http://172.30.0.1:8080, http://172.31.0.1:8080, http://192.168.0.1:8080, and http://25.12.11.40:8080
INFO:__mp_main__:Visitor IP: 25.12.10.22 (Headers: CF=None, XFF=None, Real=None, Client=25.12.10.22)
INFO:watchfiles.main:3 changes detected
[33mWARNING[0m:  WatchFiles detected changes in 'pages/expedientes.py'. Reloading...
INFO:database:Pool de conexiones cerrado
INFO:database:Pool de conexiones inicializado
INFO:watchfiles.main:3 changes detected
NiceGUI ready to go on http://localhost:8080, http://172.17.0.1:8080, http://172.18.0.1:8080, http://172.19.0.1:8080, http://172.20.0.1:8080, http://172.21.0.1:8080, http://172.22.0.1:8080, http://172.23.0.1:8080, http://172.24.0.1:8080, http://172.25.0.1:8080, http://172.26.0.1:8080, http://172.27.0.1:8080, http://172.30.0.1:8080, http://172.31.0.1:8080, http://192.168.0.1:8080, and http://25.12.11.40:8080
INFO:__mp_main__:Visitor IP: 25.12.10.22 (Headers: CF=None, XFF=None, Real=None, Client=25.12.10.22)
INFO:__mp_main__:Visitor IP: 25.12.10.22 (Headers: CF=None, XFF=None, Real=None, Client=25.12.10.22)
ERROR:nicegui:'str' object is not callable
Traceback (most recent call last):
  File "/home/yaeladmin/git/Ingenieria-diseno-UPIICSA/Sistema/.venv/lib/python3.11/site-packages/nicegui/events.py", line 442, in handle_event
    result = cast(Callable[[], Any], handler)()
             ^^^^^^^^^^^^^^^^^^^^^^^^^^^^^^^^^^
  File "/home/yaeladmin/git/Ingenieria-diseno-UPIICSA/Sistema/pages/expedientes.py", line 208, in <lambda>
    ui.button('Editar', on_click=lambda: self.cargar_observaciones(True), icon='edit').props('flat color=primary')
                                         ^^^^^^^^^^^^^^^^^^^^^^^^^^^^^^^
  File "/home/yaeladmin/git/Ingenieria-diseno-UPIICSA/Sistema/pages/expedientes.py", line 196, in cargar_observaciones
    self.obs_input = ui.textarea('Observaciones').props('outlined').classes('w-full').value(obs_text)
                     ^^^^^^^^^^^^^^^^^^^^^^^^^^^^^^^^^^^^^^^^^^^^^^^^^^^^^^^^^^^^^^^^^^^^^^^^^^^^^^^^
TypeError: 'str' object is not callable
INFO:watchfiles.main:1 change detected
^[[>0;10;1c^CINFO:database:Pool de conexiones cerrado
[1m[7m%[27m[1m[0m                                                                                                                                     k..IICSA/Sistema\[0m[27m[24m[J
[1m[33myaeladmin[0m[33m[39m[1m [0m[1min [0m[1m[36mIngenieria-diseno-UPIICSA/Sistema[0m[36m[39m[1m [0m[1mat [0m[1m[32mdev-services[0m[32m[39m[1m [0m[1mvia [0m[1m[34mSistema[0m[34m[39m[1m [0m[1mtook [0m[1m[33m8h 45m 46.2s[0m[33m[39m[1m [0m[1m[39mâ€¦[0m[39m[1m[37m
[0m[37m[39m[1m[32mâžœ [0m[32m[39m[K[130C[1A[1B[130D[?1h=[?2004heexMM[0m[27m[24m[J
[1m[33myaeladmin[0m[33m[39m[1m [0m[1min [0m[1m[36mIngenieria-diseno-UPIICSA/Sistema[0m[36m[39m[1m [0m[1mat [0m[1m[32mdev-services[0m[32m[39m[1m [0m[1mon [0m[1m[37m[1m[37m[35mî‚  main[0m[35m[39m[1m[31m [!?][0m[31m[39m[0m[39m[1m [0m[1mvia [0m[1m[34mSistema[0m[34m[39m[1m [0m[1mtook [0m[1m[33m8h 45m 46.2s[0m[33m[39m[1m [0m[1m[39mâ€¦[0m[39m[1m[37m
[0m[37m[39m[1m[32mâžœ [0m[32m[39mex[K[128C[1A[1B[128Dit[?1l>[?2004l
kexit\
Script done on 2026-01-03 21:41:09-06:00 [COMMAND_EXIT_CODE="0"]
