Script started on 2025-12-10 10:41:13-06:00 [TERM="xterm-256color" TTY="/dev/pts/0" COLUMNS="70" LINES="9"]
[1m[7m%[27m[1m[0m                                                                      ]2;yaeladmin@dev-services:~/git/Ingenieria-diseno-UPIICSA/Sistema]1;..IICSA/Sistema[0m[27m[24m[J
[1m[33myaeladmin[0m[33m[39m[1m [0m[1min [0m[1m[36mIngenieria-diseno-UPIICSA/Sistema[0m[36m[39m[1m [0m[1mat [0m[1m[32mdev-services[0m[32m[39m[1m [0m[1mvia [0m[1m[34mSistema[0m[34m[39m[1m [0m[1m[39mâ€¦[0m[39m[1m[37m
[0m[37m[39m[1m[32mâžœ [0m[32m[39m[K[67C[1A[1B[67D[?1h=[?2004h[3A[0m[27m[24m[J
[1m[33myaeladmin[0m[33m[39m[1m [0m[1min [0m[1m[36mIngenieria-diseno-UPIICSA/Sistema[0m[36m[39m[1m [0m[1mat [0m[1m[32mdev-services[0m[32m[39m[1m [0m[1mon [0m[1m[37m[1m[37m[35mî‚  main[0m[35m[39m[1m[31m [!][0m[31m[39m[0m[39m[1m [0m[1mvia [0m[1m[34mSistema[0m[34m[39m[1m [0m[1m[39mâ€¦[0m[39m[1m[37m
[0m[37m[39m[1m[32mâžœ [0m[32m[39m[K[67C[1A[1B[67Dscript ui-error.txt[19Dcd /home/yaeladmin/git/Ingenieria-diseno-UPIICSA/Sistema && source .venv/bin/activate && python -m py_compile components/paciente_form.py components/cita_form.py pages/pacientes.py pages/expedientes.py && echo "âœ“ All files compile successfully"[K[A[A[15Dtimeout 20 python main.py 2>&1 | head -80[K[1B[K[1B[K[A[A[62C[Awhich python3 && source .venv/bin/activate && python --version        [8D[A[8Ctimeout 30 python ./main.py 2>&1 | head -100                  [18D[A[34Dexit[K[63C[1A[1B[1B[K[A[6Cpython ./main.py[?1l>[?2004l[1B]2;python ./main.py]1;pythonINFO:database:Pool de conexiones inicializado
NiceGUI ready to go on http://localhost:8080, http://172.17.0.1:8080, http://172.18.0.1:8080, http://172.19.0.1:8080, http://172.20.0.1:8080, http://172.21.0.1:8080, http://172.22.0.1:8080, http://172.23.0.1:8080, http://172.24.0.1:8080, http://172.25.0.1:8080, http://172.26.0.1:8080, http://172.27.0.1:8080, http://172.28.0.1:8080, http://172.29.0.1:8080, http://172.30.0.1:8080, http://172.31.0.1:8080, and http://25.12.11.40:8080
ERROR:nicegui:Invalid value: 
Traceback (most recent call last):
  File "/home/yaeladmin/git/Ingenieria-diseno-UPIICSA/Sistema/.venv/lib/python3.11/site-packages/nicegui/events.py", line 442, in handle_event
    result = cast(Callable[[], Any], handler)()
             ^^^^^^^^^^^^^^^^^^^^^^^^^^^^^^^^^^
  File "/home/yaeladmin/git/Ingenieria-diseno-UPIICSA/Sistema/pages/pacientes.py", line 112, in mostrar_form_nuevo
    PacienteForm(on_save=guardar_paciente, on_cancel=dialog.close)
  File "/home/yaeladmin/git/Ingenieria-diseno-UPIICSA/Sistema/components/paciente_form.py", line 10, in __init__
    self.create_form()
  File "/home/yaeladmin/git/Ingenieria-diseno-UPIICSA/Sistema/components/paciente_form.py", line 30, in create_form
    self.genero = ui.select(['Masculino', 'Femenino', 'Otro'],
                 ^^^^^^^^^^^^^^^^^^^^^^^^^^^^^^^^^^^^^^^^^^^^^
  File "/home/yaeladmin/git/Ingenieria-diseno-UPIICSA/Sistema/.venv/lib/python3.11/site-packages/nicegui/elements/select.py", line 64, in __init__
    super().__init__(label=label, options=options, value=value, on_change=on_change, validation=validation)
  File "/home/yaeladmin/git/Ingenieria-diseno-UPIICSA/Sistema/.venv/lib/python3.11/site-packages/nicegui/elements/mixins/label_element.py", line 14, in __init__
    super().__init__(**kwargs)
  File "/home/yaeladmin/git/Ingenieria-diseno-UPIICSA/Sistema/.venv/lib/python3.11/site-packages/nicegui/elements/mixins/validation_element.py", line 19, in __init__
    super().__init__(**kwargs)
  File "/home/yaeladmin/git/Ingenieria-diseno-UPIICSA/Sistema/.venv/lib/python3.11/site-packages/nicegui/elements/choice_element.py", line 20, in __init__
    raise ValueError(f'Invalid value: {value}')
ValueError: Invalid value: 
^CINFO:database:Pool de conexiones cerrado
Traceback (most recent call last):
  File "/usr/lib/python3.11/asyncio/runners.py", line 118, in run
    return self._loop.run_until_complete(task)
           ^^^^^^^^^^^^^^^^^^^^^^^^^^^^^^^^^^^
  File "uvloop/loop.pyx", line 1518, in uvloop.loop.Loop.run_until_complete
asyncio.exceptions.CancelledError

During handling of the above exception, another exception occurred:

Traceback (most recent call last):
  File "/home/yaeladmin/git/Ingenieria-diseno-UPIICSA/Sistema/./main.py", line 164, in <module>
    ui.run(
  File "/home/yaeladmin/git/Ingenieria-diseno-UPIICSA/Sistema/.venv/lib/python3.11/site-packages/nicegui/ui_run.py", line 293, in run
    Server.instance.run()
  File "/home/yaeladmin/git/Ingenieria-diseno-UPIICSA/Sistema/.venv/lib/python3.11/site-packages/nicegui/server.py", line 37, in run
    super().run(sockets=sockets)
  File "/home/yaeladmin/git/Ingenieria-diseno-UPIICSA/Sistema/.venv/lib/python3.11/site-packages/uvicorn/server.py", line 67, in run
    return asyncio_run(self.serve(sockets=sockets), loop_factory=self.config.get_loop_factory())
           ^^^^^^^^^^^^^^^^^^^^^^^^^^^^^^^^^^^^^^^^^^^^^^^^^^^^^^^^^^^^^^^^^^^^^^^^^^^^^^^^^^^^^
  File "/home/yaeladmin/git/Ingenieria-diseno-UPIICSA/Sistema/.venv/lib/python3.11/site-packages/uvicorn/_compat.py", line 30, in asyncio_run
    return runner.run(main)
           ^^^^^^^^^^^^^^^^
  File "/usr/lib/python3.11/asyncio/runners.py", line 123, in run
    raise KeyboardInterrupt()
KeyboardInterrupt

[1m[7m%[27m[1m[0m                                                                      ]2;yaeladmin@dev-services:~/git/Ingenieria-diseno-UPIICSA/Sistema]1;..IICSA/Sistema[0m[27m[24m[J
[1m[33myaeladmin[0m[33m[39m[1m [0m[1min [0m[1m[36mIngenieria-diseno-UPIICSA/Sistema[0m[36m[39m[1m [0m[1mat [0m[1m[32mdev-services[0m[32m[39m[1m [0m[1mvia [0m[1m[34mSistema[0m[34m[39m[1m [0m[1mtook [0m[1m[33m42.4s[0m[33m[39m[1m [0m[1m[39mâ€¦[0m[39m[1m[37m
[0m[37m[39m[1m[31mâžœ [0m[31m[39m[K[67C[1A[1B[67D[?1h=[?2004he[3A[0m[27m[24m[J
[1m[33myaeladmin[0m[33m[39m[1m [0m[1min [0m[1m[36mIngenieria-diseno-UPIICSA/Sistema[0m[36m[39m[1m [0m[1mat [0m[1m[32mdev-services[0m[32m[39m[1m [0m[1mon [0m[1m[37m[1m[37m[35mî‚  main[0m[35m[39m[1m[31m [!][0m[31m[39m[0m[39m[1m [0m[1mvia [0m[1m[34mSistema[0m[34m[39m[1m [0m[1mtook [0m[1m[33m42.4s[0m[33m[39m[1m [0m[1m[39mâ€¦[0m[39m[1m[37m
[0m[37m[39m[1m[31mâžœ [0m[31m[39me[K[66C[1A[1B[66Dexit[?1l>[?2004l
]2;exit]1;exit
Script done on 2025-12-10 10:42:01-06:00 [COMMAND_EXIT_CODE="130"]
